<?xml version="1.0" encoding="UTF-8"?>
<testng-results ignored="0" total="9" passed="8" failed="1" skipped="0">
  <reporter-output>
  </reporter-output>
  <suite started-at="2025-03-26T16:55:46 CDT" name="API Test Suite" finished-at="2025-03-26T16:55:49 CDT" duration-ms="2580">
    <groups>
    </groups>
    <test started-at="2025-03-26T16:55:46 CDT" name="Login Test" finished-at="2025-03-26T16:55:47 CDT" duration-ms="928">
      <class name="com.api.tests.LoginRequest">
        <test-method signature="login()[pri:0, instance:com.api.tests.LoginRequest@15c43bd9]" started-at="2025-03-26T16:55:46 CDT" name="login" finished-at="2025-03-26T16:55:47 CDT" duration-ms="917" status="PASS">
          <reporter-output>
          </reporter-output>
        </test-method> <!-- login -->
      </class> <!-- com.api.tests.LoginRequest -->
    </test> <!-- Login Test -->
    <test started-at="2025-03-26T16:55:47 CDT" name="Create Program Test" finished-at="2025-03-26T16:55:48 CDT" duration-ms="1252">
      <class name="com.api.tests.ProgramModule">
        <test-method is-config="true" signature="setUp(java.lang.String,java.lang.String,java.lang.String)[pri:0, instance:com.api.tests.ProgramModule@34a3d150]" started-at="2025-03-26T16:55:47 CDT" name="setUp" finished-at="2025-03-26T16:55:47 CDT" duration-ms="2" status="PASS">
          <params>
            <param index="0">
              <value>
                <![CDATA[Program.json]]>
              </value>
            </param>
            <param index="1">
              <value>
                <![CDATA[Create Program]]>
              </value>
            </param>
            <param index="2">
              <value>
                <![CDATA[Update Program]]>
              </value>
            </param>
          </params>
          <reporter-output>
          </reporter-output>
        </test-method> <!-- setUp -->
        <test-method signature="createprogram(org.json.simple.JSONObject,java.lang.String,int)[pri:0, instance:com.api.tests.ProgramModule@34a3d150]" started-at="2025-03-26T16:55:47 CDT" name="createprogram" data-provider="jsondataProviderCreate" finished-at="2025-03-26T16:55:48 CDT" duration-ms="352" status="PASS">
          <params>
            <param index="0">
              <value>
                <![CDATA[{"programDescription":"@@","programName":"@@","programStatus":"Active"}]]>
              </value>
            </param>
            <param index="1">
              <value>
                <![CDATA[InValid Data]]>
              </value>
            </param>
            <param index="2">
              <value>
                <![CDATA[400]]>
              </value>
            </param>
          </params>
          <reporter-output>
          </reporter-output>
        </test-method> <!-- createprogram -->
        <test-method signature="createprogram(org.json.simple.JSONObject,java.lang.String,int)[pri:0, instance:com.api.tests.ProgramModule@34a3d150]" started-at="2025-03-26T16:55:48 CDT" name="createprogram" data-provider="jsondataProviderCreate" finished-at="2025-03-26T16:55:48 CDT" duration-ms="170" status="PASS">
          <params>
            <param index="0">
              <value>
                <![CDATA[{"programDescription":" ","programName":"@@","programStatus":"Active"}]]>
              </value>
            </param>
            <param index="1">
              <value>
                <![CDATA[InValid Data]]>
              </value>
            </param>
            <param index="2">
              <value>
                <![CDATA[400]]>
              </value>
            </param>
          </params>
          <reporter-output>
          </reporter-output>
        </test-method> <!-- createprogram -->
        <test-method signature="createprogram(org.json.simple.JSONObject,java.lang.String,int)[pri:0, instance:com.api.tests.ProgramModule@34a3d150]" started-at="2025-03-26T16:55:48 CDT" name="createprogram" data-provider="jsondataProviderCreate" finished-at="2025-03-26T16:55:48 CDT" duration-ms="182" status="PASS">
          <params>
            <param index="0">
              <value>
                <![CDATA[{"programDescription":"Dae-HAndlers","programName":"Dae-Visuals","programStatus":"Active"}]]>
              </value>
            </param>
            <param index="1">
              <value>
                <![CDATA[Valid Data]]>
              </value>
            </param>
            <param index="2">
              <value>
                <![CDATA[201]]>
              </value>
            </param>
          </params>
          <reporter-output>
          </reporter-output>
        </test-method> <!-- createprogram -->
        <test-method signature="getAllPrograms()[pri:0, instance:com.api.tests.ProgramModule@34a3d150]" started-at="2025-03-26T16:55:48 CDT" name="getAllPrograms" finished-at="2025-03-26T16:55:48 CDT" duration-ms="186" status="PASS">
          <reporter-output>
          </reporter-output>
        </test-method> <!-- getAllPrograms -->
        <test-method signature="getProgrambyId()[pri:0, instance:com.api.tests.ProgramModule@34a3d150]" started-at="2025-03-26T16:55:48 CDT" name="getProgrambyId" finished-at="2025-03-26T16:55:48 CDT" duration-ms="173" status="PASS">
          <reporter-output>
          </reporter-output>
        </test-method> <!-- getProgrambyId -->
        <test-method signature="UpdateProgram(org.json.simple.JSONObject,java.lang.String,int)[pri:0, instance:com.api.tests.ProgramModule@34a3d150]" started-at="2025-03-26T16:55:48 CDT" name="UpdateProgram" data-provider="jsondataProviderUpdate" finished-at="2025-03-26T16:55:48 CDT" depends-on-methods="com.api.tests.ProgramModule.createprogram" duration-ms="170" status="FAIL">
          <params>
            <param index="0">
              <value>
                <![CDATA[{"programDescription":"Artworkss","programName":"Artistss","programStatus":"Active"}]]>
              </value>
            </param>
            <param index="1">
              <value>
                <![CDATA[Valid Data]]>
              </value>
            </param>
            <param index="2">
              <value>
                <![CDATA[200]]>
              </value>
            </param>
          </params>
          <exception class="java.lang.AssertionError">
            <message>
              <![CDATA[Expected status code: 200 but got: 400]]>
            </message>
            <full-stacktrace>
              <![CDATA[java.lang.AssertionError: Expected status code: 200 but got: 400
at com.api.tests.ProgramModule.UpdateProgram(ProgramModule.java:103)
at java.base/jdk.internal.reflect.DirectMethodHandleAccessor.invoke(DirectMethodHandleAccessor.java:103)
at java.base/java.lang.reflect.Method.invoke(Method.java:580)
at org.testng.internal.invokers.MethodInvocationHelper.invokeMethod(MethodInvocationHelper.java:141)
at org.testng.internal.invokers.TestInvoker.invokeMethod(TestInvoker.java:686)
at org.testng.internal.invokers.TestInvoker.invokeTestMethod(TestInvoker.java:230)
at org.testng.internal.invokers.MethodRunner.runInSequence(MethodRunner.java:63)
at org.testng.internal.invokers.TestInvoker$MethodInvocationAgent.invoke(TestInvoker.java:992)
at org.testng.internal.invokers.TestInvoker.invokeTestMethods(TestInvoker.java:203)
at org.testng.internal.invokers.TestMethodWorker.invokeTestMethods(TestMethodWorker.java:154)
at org.testng.internal.invokers.TestMethodWorker.run(TestMethodWorker.java:134)
at java.base/java.util.ArrayList.forEach(ArrayList.java:1596)
at org.testng.TestRunner.privateRun(TestRunner.java:739)
at org.testng.TestRunner.run(TestRunner.java:614)
at org.testng.SuiteRunner.runTest(SuiteRunner.java:421)
at org.testng.SuiteRunner.runSequentially(SuiteRunner.java:413)
at org.testng.SuiteRunner.privateRun(SuiteRunner.java:373)
at org.testng.SuiteRunner.run(SuiteRunner.java:312)
at org.testng.SuiteRunnerWorker.runSuite(SuiteRunnerWorker.java:52)
at org.testng.SuiteRunnerWorker.run(SuiteRunnerWorker.java:95)
at org.testng.TestNG.runSuitesSequentially(TestNG.java:1274)
at org.testng.TestNG.runSuitesLocally(TestNG.java:1208)
at org.testng.TestNG.runSuites(TestNG.java:1112)
at org.testng.TestNG.run(TestNG.java:1079)
at org.testng.remote.AbstractRemoteTestNG.run(AbstractRemoteTestNG.java:115)
at org.testng.remote.RemoteTestNG.initAndRun(RemoteTestNG.java:293)
at org.testng.remote.RemoteTestNG.main(RemoteTestNG.java:91)
]]>
            </full-stacktrace>
          </exception> <!-- java.lang.AssertionError -->
          <reporter-output>
          </reporter-output>
        </test-method> <!-- UpdateProgram -->
      </class> <!-- com.api.tests.ProgramModule -->
    </test> <!-- Create Program Test -->
    <test started-at="2025-03-26T16:55:48 CDT" name="Create Batch Test" finished-at="2025-03-26T16:55:49 CDT" duration-ms="374">
      <class name="com.api.tests.CreateBatch">
        <test-method is-config="true" signature="setUp(java.lang.String,java.lang.String,java.lang.String)[pri:0, instance:com.api.tests.CreateBatch@4802796d]" started-at="2025-03-26T16:55:48 CDT" name="setUp" finished-at="2025-03-26T16:55:48 CDT" duration-ms="0" status="PASS">
          <params>
            <param index="0">
              <value>
                <![CDATA[BatchData.json]]>
              </value>
            </param>
            <param index="1">
              <value>
                <![CDATA[Create Batch]]>
              </value>
            </param>
            <param index="2">
              <value>
                <![CDATA[]]>
              </value>
            </param>
          </params>
          <reporter-output>
          </reporter-output>
        </test-method> <!-- setUp -->
        <test-method signature="Createbatch(org.json.simple.JSONObject,java.lang.String,int)[pri:0, instance:com.api.tests.CreateBatch@4802796d]" started-at="2025-03-26T16:55:48 CDT" name="Createbatch" data-provider="jsondataProviderCreate" finished-at="2025-03-26T16:55:49 CDT" duration-ms="178" status="PASS">
          <params>
            <param index="0">
              <value>
                <![CDATA[{"batchName":"@@6","batchNoOfClasses":15,"batchDescription":"@@@","batchStatus":"InActive","programId":""}]]>
              </value>
            </param>
            <param index="1">
              <value>
                <![CDATA[InvalidBatch_NoProgramId]]>
              </value>
            </param>
            <param index="2">
              <value>
                <![CDATA[400]]>
              </value>
            </param>
          </params>
          <reporter-output>
          </reporter-output>
        </test-method> <!-- Createbatch -->
        <test-method signature="Createbatch(org.json.simple.JSONObject,java.lang.String,int)[pri:0, instance:com.api.tests.CreateBatch@4802796d]" started-at="2025-03-26T16:55:49 CDT" name="Createbatch" data-provider="jsondataProviderCreate" finished-at="2025-03-26T16:55:49 CDT" duration-ms="191" status="PASS">
          <params>
            <param index="0">
              <value>
                <![CDATA[{"batchName":"SDET651877","batchNoOfClasses":15,"batchDescription":"Olwsqeatches","batchStatus":"Active","programId":"{{programId}}"}]]>
              </value>
            </param>
            <param index="1">
              <value>
                <![CDATA[ValidBatch]]>
              </value>
            </param>
            <param index="2">
              <value>
                <![CDATA[201]]>
              </value>
            </param>
          </params>
          <reporter-output>
          </reporter-output>
        </test-method> <!-- Createbatch -->
      </class> <!-- com.api.tests.CreateBatch -->
    </test> <!-- Create Batch Test -->
  </suite> <!-- API Test Suite -->
</testng-results>
